2021-04-12 13:35:48 INFO  ActuatorServiceApplication:12 - Start application
2021-04-12 13:36:20 INFO  CategoryController:42 - Add category
2021-04-12 13:36:53 INFO  ActuatorServiceApplication:12 - Start application
2021-04-12 13:37:26 INFO  CategoryController:29 - search
2021-04-12 13:39:12 INFO  ActuatorServiceApplication:12 - Start application
2021-04-12 13:39:32 INFO  CategoryController:29 - search
2021-04-12 13:50:49 INFO  ActuatorServiceApplication:12 - Start application
2021-04-12 13:51:15 INFO  CategoryController:29 - search
2021-04-12 13:51:33 INFO  CategoryController:43 - Add category
2021-04-12 13:53:57 INFO  ActuatorServiceApplication:12 - Start application
2021-04-12 13:54:32 INFO  CategoryController:29 - search
2021-04-12 13:54:57 INFO  CategoryController:29 - search
2021-04-12 13:55:29 INFO  ActuatorServiceApplication:12 - Start application
2021-04-12 13:55:43 INFO  ActuatorServiceApplication:12 - Start application
2021-04-12 13:56:02 INFO  CategoryController:30 - search
2021-04-12 13:59:03 INFO  ActuatorServiceApplication:12 - Start application
2021-04-12 13:59:20 INFO  CategoryController:30 - search
2021-04-12 14:00:54 INFO  ActuatorServiceApplication:12 - Start application
2021-04-12 14:01:15 INFO  CategoryController:30 - search
2021-04-12 14:44:57 INFO  ActuatorServiceApplication:12 - Start application
2021-04-12 14:45:18 INFO  CategoryController:30 - search
2021-04-12 15:19:46 INFO  ActuatorServiceApplication:12 - Start application
2021-04-12 15:20:49 INFO  CategoryController:30 - search
2021-04-12 15:21:43 INFO  CategoryController:44 - Add category
2021-04-12 15:21:54 INFO  CategoryController:30 - search
2021-04-12 15:48:03 INFO  ActuatorServiceApplication:12 - Start application
2021-04-12 15:50:59 INFO  ActuatorServiceApplication:12 - Start application
2021-04-12 16:03:08 INFO  ActuatorServiceApplication:12 - Start application
2021-04-12 17:06:16 INFO  ActuatorServiceApplication:12 - Start application
2021-04-12 17:08:01 INFO  CategoryController:30 - search
2021-04-12 17:09:46 INFO  CategoryController:30 - search
2021-04-12 17:17:28 INFO  ActuatorServiceApplication:12 - Start application
2021-04-12 17:20:17 INFO  ActuatorServiceApplication:12 - Start application
2021-04-12 17:31:17 INFO  ActuatorServiceApplication:12 - Start application
2021-04-12 17:37:10 INFO  ActuatorServiceApplication:12 - Start application
2021-04-12 17:45:50 INFO  ActuatorServiceApplication:12 - Start application
2021-04-12 17:48:51 INFO  ActuatorServiceApplication:12 - Start application
2021-04-12 17:51:40 INFO  ActuatorServiceApplication:12 - Start application
2021-04-12 18:45:17 INFO  ActuatorServiceApplication:12 - Start application
2021-04-12 18:47:36 INFO  ActuatorServiceApplication:12 - Start application
2021-04-12 19:27:01 INFO  ActuatorServiceApplication:12 - Start application
2021-04-19 15:03:41 INFO  ActuatorServiceApplication:12 - Start application
2021-04-19 15:06:04 INFO  ActuatorServiceApplication:12 - Start application
2021-04-19 15:07:04 ERROR OfferController:80 - Offer is not in the database
2021-04-19 15:07:08 ERROR OfferController:80 - Offer is not in the database
2021-04-19 15:40:44 INFO  ActuatorServiceApplication:12 - Start application
2021-04-19 15:47:20 INFO  ActuatorServiceApplication:12 - Start application
2021-04-19 15:55:58 INFO  ActuatorServiceApplication:12 - Start application
2021-04-19 15:58:39 ERROR CharacteristicController:49 - This characteristic has offer
2021-04-19 16:04:28 INFO  ActuatorServiceApplication:12 - Start application
2021-04-20 07:28:08 INFO  ActuatorServiceApplication:12 - Start application
2021-04-20 07:32:56 INFO  ActuatorServiceApplication:12 - Start application
2021-04-20 07:40:29 INFO  ActuatorServiceApplication:12 - Start application
2021-04-20 07:45:11 INFO  ActuatorServiceApplication:12 - Start application
2021-04-20 10:27:35 INFO  ActuatorServiceApplication:12 - Start application
2021-04-20 10:31:50 INFO  ActuatorServiceApplication:12 - Start application
2021-04-20 10:36:40 INFO  ActuatorServiceApplication:12 - Start application
2021-04-20 13:36:51 INFO  ActuatorServiceApplication:12 - Start application
2021-04-20 13:47:18 INFO  ActuatorServiceApplication:12 - Start application
2021-04-20 13:52:50 INFO  ActuatorServiceApplication:12 - Start application
2021-04-20 13:55:53 INFO  ActuatorServiceApplication:12 - Start application
2021-05-02 16:47:16 INFO  ActuatorServiceApplication:11 - Start application
2021-05-02 16:53:08 INFO  ActuatorServiceApplication:11 - Start application
2021-05-02 16:56:57 INFO  ActuatorServiceApplication:11 - Start application
2021-05-02 18:26:20 INFO  ActuatorServiceApplication:11 - Start application
2021-05-02 18:28:00 INFO  ActuatorServiceApplication:11 - Start application
2021-05-02 21:16:26 INFO  ActuatorServiceApplication:11 - Start application
2021-05-03 10:06:59 INFO  ActuatorServiceApplication:11 - Start application
2021-05-03 10:12:43 INFO  ActuatorServiceApplication:11 - Start application
2021-05-03 10:16:12 INFO  ActuatorServiceApplication:11 - Start application
2021-05-03 10:18:17 INFO  ActuatorServiceApplication:11 - Start application
2021-05-03 10:20:51 INFO  ActuatorServiceApplication:11 - Start application
2021-05-03 10:21:41 INFO  ActuatorServiceApplication:11 - Start application
2021-05-03 10:23:23 INFO  ActuatorServiceApplication:11 - Start application
2021-05-03 10:23:40 INFO  OfferController:158 - [{"id":1,"firstName":"firstname","lastName":"lastName","email":"email","password":"password","phoneNumber":"88005553555","addressTransfer":null,"paidTypeTransfers":[{"id":2,"name":"new name"}]},{"id":4,"firstName":"firstname","lastName":"lastName","email":"email2","password":"password","phoneNumber":"880055355","addressTransfer":null,"paidTypeTransfers":[]}]
2021-05-03 10:40:31 INFO  ActuatorServiceApplication:11 - Start application
2021-05-03 10:40:49 INFO  OfferController:151 - [{"id":1,"firstName":"firstname","lastName":"lastName","email":"email","password":"password","phoneNumber":"88005553555","addressTransfer":null,"paidTypeTransfers":[{"id":2,"name":"new name"}]},{"id":4,"firstName":"firstname","lastName":"lastName","email":"email2","password":"password","phoneNumber":"880055355","addressTransfer":null,"paidTypeTransfers":[]}]
2021-05-03 10:40:58 INFO  OfferController:151 - [{"id":1,"firstName":"firstname","lastName":"lastName","email":"email","password":"password","phoneNumber":"88005553555","addressTransfer":null,"paidTypeTransfers":[{"id":2,"name":"new name"}]},{"id":4,"firstName":"firstname","lastName":"lastName","email":"email2","password":"password","phoneNumber":"880055355","addressTransfer":null,"paidTypeTransfers":[]}]
2021-05-03 10:44:37 INFO  ActuatorServiceApplication:11 - Start application
2021-05-03 10:44:52 INFO  OfferController:151 - [{"id":1,"firstName":"firstname","lastName":"lastName","email":"email","password":"password","phoneNumber":"88005553555","addressTransfer":null,"paidTypeTransfers":[{"id":2,"name":"new name"}]},{"id":4,"firstName":"firstname","lastName":"lastName","email":"email2","password":"password","phoneNumber":"880055355","addressTransfer":null,"paidTypeTransfers":[]}]
2021-05-03 10:48:29 INFO  ActuatorServiceApplication:11 - Start application
2021-05-03 10:48:46 INFO  OfferController:151 - [{"id":1,"firstName":"firstname","lastName":"lastName","email":"email","password":"password","phoneNumber":"88005553555","addressTransfer":null,"paidTypeTransfers":[{"id":2,"name":"new name"}]},{"id":4,"firstName":"firstname","lastName":"lastName","email":"email2","password":"password","phoneNumber":"880055355","addressTransfer":null,"paidTypeTransfers":[]}]
2021-05-03 11:08:00 INFO  ActuatorServiceApplication:11 - Start application
2021-05-03 11:12:05 INFO  ActuatorServiceApplication:11 - Start application
2021-05-03 11:13:36 INFO  ActuatorServiceApplication:11 - Start application
2021-05-03 11:18:02 INFO  ActuatorServiceApplication:11 - Start application
2021-05-03 11:21:32 INFO  ActuatorServiceApplication:11 - Start application
2021-05-03 11:23:19 INFO  ActuatorServiceApplication:11 - Start application
2021-05-03 11:37:43 INFO  ActuatorServiceApplication:11 - Start application
2021-05-03 15:35:08 INFO  ActuatorServiceApplication:11 - Start application
2021-05-03 15:36:54 INFO  ActuatorServiceApplication:11 - Start application
2021-05-03 15:46:00 INFO  ActuatorServiceApplication:11 - Start application
2021-05-03 15:56:05 INFO  ActuatorServiceApplication:11 - Start application
2021-05-03 15:57:52 INFO  ActuatorServiceApplication:11 - Start application
2021-05-03 16:01:38 INFO  ActuatorServiceApplication:11 - Start application
2021-05-03 16:04:21 INFO  ActuatorServiceApplication:11 - Start application
2021-05-03 16:05:40 INFO  ActuatorServiceApplication:11 - Start application
2021-05-03 16:06:34 INFO  ActuatorServiceApplication:11 - Start application
2021-05-03 16:07:18 INFO  ActuatorServiceApplication:11 - Start application
2021-05-03 16:09:46 INFO  ActuatorServiceApplication:11 - Start application
2021-05-03 16:11:10 INFO  ActuatorServiceApplication:11 - Start application
2021-05-03 16:18:40 INFO  ActuatorServiceApplication:11 - Start application
2021-05-03 16:21:07 INFO  ActuatorServiceApplication:11 - Start application
2021-05-03 16:22:01 INFO  ActuatorServiceApplication:11 - Start application
2021-05-03 16:26:10 INFO  ActuatorServiceApplication:11 - Start application
2021-05-03 16:41:00 INFO  ActuatorServiceApplication:11 - Start application
2021-05-03 16:45:31 INFO  ActuatorServiceApplication:11 - Start application
2021-05-03 16:46:35 INFO  ActuatorServiceApplication:11 - Start application
2021-05-03 16:53:49 INFO  ActuatorServiceApplication:11 - Start application
2021-05-03 16:56:39 INFO  ActuatorServiceApplication:11 - Start application
2021-05-03 17:14:37 INFO  ActuatorServiceApplication:11 - Start application
2021-05-03 17:15:47 INFO  ActuatorServiceApplication:11 - Start application
2021-05-03 17:17:06 INFO  ActuatorServiceApplication:11 - Start application
2021-05-03 17:18:25 INFO  ActuatorServiceApplication:11 - Start application
2021-05-03 17:22:08 INFO  ActuatorServiceApplication:11 - Start application
2021-05-03 17:27:24 INFO  ActuatorServiceApplication:11 - Start application
2021-05-03 17:29:15 INFO  ActuatorServiceApplication:11 - Start application
2021-05-03 17:31:36 INFO  ActuatorServiceApplication:11 - Start application
2021-05-03 17:36:24 INFO  ActuatorServiceApplication:11 - Start application
2021-05-03 17:39:31 INFO  ActuatorServiceApplication:11 - Start application
2021-05-03 17:43:22 INFO  ActuatorServiceApplication:11 - Start application
2021-05-03 17:44:35 INFO  ActuatorServiceApplication:11 - Start application
2021-05-03 17:54:47 INFO  ActuatorServiceApplication:11 - Start application
2021-05-04 11:16:26 INFO  ActuatorServiceApplication:11 - Start application
